Traceback (most recent call last):
  File "/usr/local/python/3.12.1/lib/python3.12/site-packages/jupyter_cache/executors/utils.py", line 58, in single_nb_execution
    executenb(
  File "/usr/local/python/3.12.1/lib/python3.12/site-packages/nbclient/client.py", line 1305, in execute
    return NotebookClient(nb=nb, resources=resources, km=km, **kwargs).execute()
           ^^^^^^^^^^^^^^^^^^^^^^^^^^^^^^^^^^^^^^^^^^^^^^^^^^^^^^^^^^^^^^^^^^^^^
  File "/home/codespace/.local/lib/python3.12/site-packages/jupyter_core/utils/__init__.py", line 165, in wrapped
    return loop.run_until_complete(inner)
           ^^^^^^^^^^^^^^^^^^^^^^^^^^^^^^
  File "/usr/local/python/3.12.1/lib/python3.12/asyncio/base_events.py", line 684, in run_until_complete
    return future.result()
           ^^^^^^^^^^^^^^^
  File "/usr/local/python/3.12.1/lib/python3.12/site-packages/nbclient/client.py", line 705, in async_execute
    await self.async_execute_cell(
  File "/usr/local/python/3.12.1/lib/python3.12/site-packages/nbclient/client.py", line 1058, in async_execute_cell
    await self._check_raise_for_error(cell, cell_index, exec_reply)
  File "/usr/local/python/3.12.1/lib/python3.12/site-packages/nbclient/client.py", line 914, in _check_raise_for_error
    raise CellExecutionError.from_cell_and_msg(cell, exec_reply_content)
nbclient.exceptions.CellExecutionError: An error occurred while executing the following cell:
------------------
# Pertemuan 3 — KNN Imputation pada Data Campuran

Notebook ini berisi:
1. **Load dataset** DataCampuran.csv
2. **Identifikasi tipe data** (numerik & kategorikal)
3. **Membuat missing value buatan** pada kolom `Tinggi` baris Citra
4. **Perhitungan jarak campuran** (numerik + kategorikal)
5. **KNN Imputation** (k=3) — menghitung manual + kode
6. **Visualisasi** tabel jarak dan hasil imputasi

---
------------------


  [36mCell[39m[36m [39m[32mIn[1][39m[32m, line 8[39m
[31m    [39m[31m5. **KNN Imputation** (k=3) — menghitung manual + kode[39m
                                ^
[31mSyntaxError[39m[31m:[39m invalid character '—' (U+2014)


